2023-06-03T16:42:56.618  WARN --- [  MainThread] localstack.deprecations    : USE_SSL is deprecated (since 0.11.3) and will be removed in upcoming releases of LocalStack! Each endpoint now supports multiplexing HTTP/HTTPS traffic over the same port. Please remove this environment variable.
2023-06-03T16:42:56.624  WARN --- [  MainThread] localstack.deprecations    : DEFAULT_REGION is deprecated (since 0.12.7) and will be removed in upcoming releases of LocalStack! LocalStack now has full multi-region support. Please remove this environment variable.
2023-06-03T16:42:58.364  WARN --- [-functhread5] hypercorn.error            : ASGI Framework Lifespan error, continuing without Lifespan support
2023-06-03T16:42:58.364  WARN --- [-functhread5] hypercorn.error            : ASGI Framework Lifespan error, continuing without Lifespan support
2023-06-03T16:42:58.366  INFO --- [-functhread5] hypercorn.error            : Running on https://0.0.0.0:4566 (CTRL + C to quit)
2023-06-03T16:42:58.366  INFO --- [-functhread5] hypercorn.error            : Running on https://0.0.0.0:4566 (CTRL + C to quit)
2023-06-03T16:42:58.498  INFO --- [  MainThread] localstack.utils.bootstrap : Execution of "start_runtime_components" took 1525.96ms
2023-06-03T16:43:00.935  INFO --- [   asgi_gw_0] localstack.request.aws     : AWS sqs.CreateQueue => 200
2023-06-03T16:43:02.521  INFO --- [   asgi_gw_0] localstack.request.aws     : AWS sqs.CreateQueue => 200
2023-06-03T16:43:03.703  INFO --- [   asgi_gw_0] localstack.request.http    : POST /000000000000/dpg-dsp-local-advertiser_activation_xandr_queue => 400
2023-06-03T16:43:04.133  INFO --- [   asgi_gw_1] localstack.request.http    : POST /000000000000/dpg-dsp-local-line_item_update_profile_queue => 400
2023-06-03T16:43:04.301  INFO --- [   asgi_gw_0] localstack.request.http    : POST /000000000000/dpg-dsp-local-insertion-order-cascade-update-queue.fifo => 400
2023-06-03T16:43:04.754  INFO --- [   asgi_gw_1] localstack.request.aws     : AWS sqs.CreateQueue => 200
2023-06-03T16:43:06.278  INFO --- [   asgi_gw_0] localstack.request.aws     : AWS sqs.CreateQueue => 200
2023-06-03T16:43:13.826  INFO --- [   asgi_gw_1] localstack.request.http    : POST /000000000000/dpg-dsp-local-advertiser_activation_xandr_queue => 400
2023-06-03T16:43:14.200  INFO --- [   asgi_gw_2] localstack.request.http    : POST /000000000000/dpg-dsp-local-line_item_update_profile_queue => 400
2023-06-03T16:43:14.355  INFO --- [   asgi_gw_0] localstack.request.http    : POST /000000000000/dpg-dsp-local-insertion-order-cascade-update-queue.fifo => 400
2023-06-03T16:43:16.767  INFO --- [   asgi_gw_0] localstack.request.aws     : AWS sqs.GetQueueUrl => 200
2023-06-03T16:43:17.096  INFO --- [   asgi_gw_1] localstack.request.http    : POST /000000000000/invoice-notification-queue => 200
2023-06-03T16:43:23.988  INFO --- [   asgi_gw_0] localstack.request.http    : POST /000000000000/dpg-dsp-local-advertiser_activation_xandr_queue => 400
2023-06-03T16:43:24.287  INFO --- [   asgi_gw_0] localstack.request.http    : POST /000000000000/dpg-dsp-local-line_item_update_profile_queue => 400
2023-06-03T16:43:24.444  INFO --- [   asgi_gw_3] localstack.request.http    : POST /000000000000/dpg-dsp-local-insertion-order-cascade-update-queue.fifo => 400
2023-06-03T16:43:25.621  INFO --- [   asgi_gw_0] localstack.request.aws     : AWS sqs.GetQueueUrl => 200
2023-06-03T16:43:25.931  INFO --- [   asgi_gw_3] localstack.request.http    : POST /000000000000/invoice-creation-queue => 200
2023-06-03T16:43:34.047  INFO --- [   asgi_gw_4] localstack.request.http    : POST /000000000000/dpg-dsp-local-advertiser_activation_xandr_queue => 400
2023-06-03T16:43:34.324  INFO --- [   asgi_gw_5] localstack.request.http    : POST /000000000000/dpg-dsp-local-line_item_update_profile_queue => 400
2023-06-03T16:43:34.473  INFO --- [   asgi_gw_4] localstack.request.http    : POST /000000000000/dpg-dsp-local-insertion-order-cascade-update-queue.fifo => 400
2023-06-03T16:43:42.218  INFO --- [   asgi_gw_2] localstack.request.http    : POST /000000000000/invoice-notification-queue => 200
2023-06-03T16:43:44.070  INFO --- [   asgi_gw_1] localstack.request.http    : POST /000000000000/dpg-dsp-local-advertiser_activation_xandr_queue => 400
2023-06-03T16:43:44.347  INFO --- [   asgi_gw_2] localstack.request.http    : POST /000000000000/dpg-dsp-local-line_item_update_profile_queue => 400
2023-06-03T16:43:44.492  INFO --- [   asgi_gw_1] localstack.request.http    : POST /000000000000/dpg-dsp-local-insertion-order-cascade-update-queue.fifo => 400
2023-06-03T16:43:50.557  INFO --- [   asgi_gw_3] localstack.request.http    : POST /000000000000/invoice-creation-queue => 200
2023-06-03T16:43:54.092  INFO --- [   asgi_gw_2] localstack.request.http    : POST /000000000000/dpg-dsp-local-advertiser_activation_xandr_queue => 400
2023-06-03T16:43:54.366  INFO --- [   asgi_gw_1] localstack.request.http    : POST /000000000000/dpg-dsp-local-line_item_update_profile_queue => 400
2023-06-03T16:43:54.517  INFO --- [   asgi_gw_2] localstack.request.http    : POST /000000000000/dpg-dsp-local-insertion-order-cascade-update-queue.fifo => 400
2023-06-03T16:44:02.256  INFO --- [   asgi_gw_4] localstack.request.http    : POST /000000000000/invoice-notification-queue => 200
2023-06-03T16:44:04.132  INFO --- [   asgi_gw_1] localstack.request.http    : POST /000000000000/dpg-dsp-local-advertiser_activation_xandr_queue => 400
2023-06-03T16:44:04.391  INFO --- [   asgi_gw_2] localstack.request.http    : POST /000000000000/dpg-dsp-local-line_item_update_profile_queue => 400
2023-06-03T16:44:04.552  INFO --- [   asgi_gw_1] localstack.request.http    : POST /000000000000/dpg-dsp-local-insertion-order-cascade-update-queue.fifo => 400
2023-06-03T16:44:10.579  INFO --- [   asgi_gw_0] localstack.request.http    : POST /000000000000/invoice-creation-queue => 200
2023-06-03T16:44:14.153  INFO --- [   asgi_gw_2] localstack.request.http    : POST /000000000000/dpg-dsp-local-advertiser_activation_xandr_queue => 400
2023-06-03T16:44:14.431  INFO --- [   asgi_gw_0] localstack.request.http    : POST /000000000000/dpg-dsp-local-line_item_update_profile_queue => 400
2023-06-03T16:44:14.576  INFO --- [   asgi_gw_2] localstack.request.http    : POST /000000000000/dpg-dsp-local-insertion-order-cascade-update-queue.fifo => 400
2023-06-03T16:44:22.324  INFO --- [   asgi_gw_5] localstack.request.http    : POST /000000000000/invoice-notification-queue => 200
2023-06-03T16:44:24.174  INFO --- [   asgi_gw_0] localstack.request.http    : POST /000000000000/dpg-dsp-local-advertiser_activation_xandr_queue => 400
2023-06-03T16:44:24.458  INFO --- [   asgi_gw_2] localstack.request.http    : POST /000000000000/dpg-dsp-local-line_item_update_profile_queue => 400
2023-06-03T16:44:24.594  INFO --- [   asgi_gw_0] localstack.request.http    : POST /000000000000/dpg-dsp-local-insertion-order-cascade-update-queue.fifo => 400
2023-06-03T16:44:30.655  INFO --- [   asgi_gw_3] localstack.request.http    : POST /000000000000/invoice-creation-queue => 200
2023-06-03T16:44:34.211  INFO --- [   asgi_gw_2] localstack.request.http    : POST /000000000000/dpg-dsp-local-advertiser_activation_xandr_queue => 400
2023-06-03T16:44:34.493  INFO --- [   asgi_gw_0] localstack.request.http    : POST /000000000000/dpg-dsp-local-line_item_update_profile_queue => 400
2023-06-03T16:44:34.632  INFO --- [   asgi_gw_2] localstack.request.http    : POST /000000000000/dpg-dsp-local-insertion-order-cascade-update-queue.fifo => 400
2023-06-03T16:44:42.384  INFO --- [   asgi_gw_4] localstack.request.http    : POST /000000000000/invoice-notification-queue => 200
2023-06-03T16:44:44.238  INFO --- [   asgi_gw_4] localstack.request.http    : POST /000000000000/dpg-dsp-local-advertiser_activation_xandr_queue => 400
2023-06-03T16:44:44.515  INFO --- [   asgi_gw_5] localstack.request.http    : POST /000000000000/dpg-dsp-local-line_item_update_profile_queue => 400
2023-06-03T16:44:44.656  INFO --- [   asgi_gw_4] localstack.request.http    : POST /000000000000/dpg-dsp-local-insertion-order-cascade-update-queue.fifo => 400
2023-06-03T16:44:50.741  INFO --- [   asgi_gw_1] localstack.request.http    : POST /000000000000/invoice-creation-queue => 200
2023-06-03T16:44:54.265  INFO --- [   asgi_gw_1] localstack.request.http    : POST /000000000000/dpg-dsp-local-advertiser_activation_xandr_queue => 400
2023-06-03T16:44:54.533  INFO --- [   asgi_gw_3] localstack.request.http    : POST /000000000000/dpg-dsp-local-line_item_update_profile_queue => 400
2023-06-03T16:44:54.675  INFO --- [   asgi_gw_1] localstack.request.http    : POST /000000000000/dpg-dsp-local-insertion-order-cascade-update-queue.fifo => 400
2023-06-03T16:45:02.444  INFO --- [   asgi_gw_2] localstack.request.http    : POST /000000000000/invoice-notification-queue => 200
2023-06-03T16:45:04.285  INFO --- [   asgi_gw_2] localstack.request.http    : POST /000000000000/dpg-dsp-local-advertiser_activation_xandr_queue => 400
2023-06-03T16:45:04.550  INFO --- [   asgi_gw_3] localstack.request.http    : POST /000000000000/dpg-dsp-local-line_item_update_profile_queue => 400
2023-06-03T16:45:04.692  INFO --- [   asgi_gw_2] localstack.request.http    : POST /000000000000/dpg-dsp-local-insertion-order-cascade-update-queue.fifo => 400
2023-06-03T16:45:10.813  INFO --- [   asgi_gw_4] localstack.request.http    : POST /000000000000/invoice-creation-queue => 200
2023-06-03T16:45:14.304  INFO --- [   asgi_gw_4] localstack.request.http    : POST /000000000000/dpg-dsp-local-advertiser_activation_xandr_queue => 400
2023-06-03T16:45:14.567  INFO --- [   asgi_gw_2] localstack.request.http    : POST /000000000000/dpg-dsp-local-line_item_update_profile_queue => 400
2023-06-03T16:45:14.713  INFO --- [   asgi_gw_4] localstack.request.http    : POST /000000000000/dpg-dsp-local-insertion-order-cascade-update-queue.fifo => 400
2023-06-03T16:45:22.506  INFO --- [   asgi_gw_0] localstack.request.http    : POST /000000000000/invoice-notification-queue => 200
2023-06-03T16:45:24.324  INFO --- [   asgi_gw_1] localstack.request.http    : POST /000000000000/dpg-dsp-local-advertiser_activation_xandr_queue => 400
2023-06-03T16:45:24.602  INFO --- [   asgi_gw_0] localstack.request.http    : POST /000000000000/dpg-dsp-local-line_item_update_profile_queue => 400
2023-06-03T16:45:24.731  INFO --- [   asgi_gw_1] localstack.request.http    : POST /000000000000/dpg-dsp-local-insertion-order-cascade-update-queue.fifo => 400
2023-06-03T16:45:30.896  INFO --- [   asgi_gw_5] localstack.request.http    : POST /000000000000/invoice-creation-queue => 200
2023-06-03T16:45:34.341  INFO --- [   asgi_gw_0] localstack.request.http    : POST /000000000000/dpg-dsp-local-advertiser_activation_xandr_queue => 400
2023-06-03T16:45:34.638  INFO --- [   asgi_gw_1] localstack.request.http    : POST /000000000000/dpg-dsp-local-line_item_update_profile_queue => 400
2023-06-03T16:45:34.762  INFO --- [   asgi_gw_0] localstack.request.http    : POST /000000000000/dpg-dsp-local-insertion-order-cascade-update-queue.fifo => 400
2023-06-03T16:45:42.584  INFO --- [   asgi_gw_2] localstack.request.http    : POST /000000000000/invoice-notification-queue => 200
2023-06-03T16:45:44.379  INFO --- [   asgi_gw_1] localstack.request.http    : POST /000000000000/dpg-dsp-local-advertiser_activation_xandr_queue => 400
2023-06-03T16:45:44.658  INFO --- [   asgi_gw_0] localstack.request.http    : POST /000000000000/dpg-dsp-local-line_item_update_profile_queue => 400
2023-06-03T16:45:44.780  INFO --- [   asgi_gw_1] localstack.request.http    : POST /000000000000/dpg-dsp-local-insertion-order-cascade-update-queue.fifo => 400
2023-06-03T16:45:50.977  INFO --- [   asgi_gw_3] localstack.request.http    : POST /000000000000/invoice-creation-queue => 200
2023-06-03T16:45:54.419  INFO --- [   asgi_gw_0] localstack.request.http    : POST /000000000000/dpg-dsp-local-advertiser_activation_xandr_queue => 400
2023-06-03T16:45:54.677  INFO --- [   asgi_gw_1] localstack.request.http    : POST /000000000000/dpg-dsp-local-line_item_update_profile_queue => 400
2023-06-03T16:45:54.815  INFO --- [   asgi_gw_0] localstack.request.http    : POST /000000000000/dpg-dsp-local-insertion-order-cascade-update-queue.fifo => 400
2023-06-03T16:46:02.681  INFO --- [   asgi_gw_4] localstack.request.http    : POST /000000000000/invoice-notification-queue => 200
2023-06-03T16:46:04.459  INFO --- [   asgi_gw_1] localstack.request.http    : POST /000000000000/dpg-dsp-local-advertiser_activation_xandr_queue => 400
2023-06-03T16:46:04.693  INFO --- [   asgi_gw_0] localstack.request.http    : POST /000000000000/dpg-dsp-local-line_item_update_profile_queue => 400
2023-06-03T16:46:04.852  INFO --- [   asgi_gw_1] localstack.request.http    : POST /000000000000/dpg-dsp-local-insertion-order-cascade-update-queue.fifo => 400
2023-06-03T16:46:11.075  INFO --- [   asgi_gw_5] localstack.request.http    : POST /000000000000/invoice-creation-queue => 200
2023-06-03T16:46:14.499  INFO --- [   asgi_gw_3] localstack.request.http    : POST /000000000000/dpg-dsp-local-advertiser_activation_xandr_queue => 400
2023-06-03T16:46:14.732  INFO --- [   asgi_gw_5] localstack.request.http    : POST /000000000000/dpg-dsp-local-line_item_update_profile_queue => 400
2023-06-03T16:46:14.872  INFO --- [   asgi_gw_3] localstack.request.http    : POST /000000000000/dpg-dsp-local-insertion-order-cascade-update-queue.fifo => 400
2023-06-03T16:46:22.780  INFO --- [   asgi_gw_2] localstack.request.http    : POST /000000000000/invoice-notification-queue => 200
2023-06-03T16:46:24.540  INFO --- [   asgi_gw_5] localstack.request.http    : POST /000000000000/dpg-dsp-local-advertiser_activation_xandr_queue => 400
2023-06-03T16:46:24.769  INFO --- [   asgi_gw_3] localstack.request.http    : POST /000000000000/dpg-dsp-local-line_item_update_profile_queue => 400
2023-06-03T16:46:24.893  INFO --- [   asgi_gw_5] localstack.request.http    : POST /000000000000/dpg-dsp-local-insertion-order-cascade-update-queue.fifo => 400
2023-06-03T16:46:31.163  INFO --- [   asgi_gw_0] localstack.request.http    : POST /000000000000/invoice-creation-queue => 200
2023-06-03T16:46:34.581  INFO --- [   asgi_gw_5] localstack.request.http    : POST /000000000000/dpg-dsp-local-advertiser_activation_xandr_queue => 400
2023-06-03T16:46:34.812  INFO --- [   asgi_gw_3] localstack.request.http    : POST /000000000000/dpg-dsp-local-line_item_update_profile_queue => 400
2023-06-03T16:46:34.927  INFO --- [   asgi_gw_5] localstack.request.http    : POST /000000000000/dpg-dsp-local-insertion-order-cascade-update-queue.fifo => 400
2023-06-03T16:46:42.877  INFO --- [   asgi_gw_4] localstack.request.http    : POST /000000000000/invoice-notification-queue => 200
2023-06-03T16:46:44.626  INFO --- [   asgi_gw_3] localstack.request.http    : POST /000000000000/dpg-dsp-local-advertiser_activation_xandr_queue => 400
2023-06-03T16:46:44.854  INFO --- [   asgi_gw_5] localstack.request.http    : POST /000000000000/dpg-dsp-local-line_item_update_profile_queue => 400
2023-06-03T16:46:44.964  INFO --- [   asgi_gw_3] localstack.request.http    : POST /000000000000/dpg-dsp-local-insertion-order-cascade-update-queue.fifo => 400
2023-06-03T16:46:51.238  INFO --- [   asgi_gw_1] localstack.request.http    : POST /000000000000/invoice-creation-queue => 200
2023-06-03T16:46:54.665  INFO --- [   asgi_gw_1] localstack.request.http    : POST /000000000000/dpg-dsp-local-advertiser_activation_xandr_queue => 400
2023-06-03T16:46:54.894  INFO --- [   asgi_gw_0] localstack.request.http    : POST /000000000000/dpg-dsp-local-line_item_update_profile_queue => 400
2023-06-03T16:46:55.005  INFO --- [   asgi_gw_1] localstack.request.http    : POST /000000000000/dpg-dsp-local-insertion-order-cascade-update-queue.fifo => 400
2023-06-03T16:47:02.958  INFO --- [   asgi_gw_2] localstack.request.http    : POST /000000000000/invoice-notification-queue => 200
2023-06-03T16:47:04.703  INFO --- [   asgi_gw_0] localstack.request.http    : POST /000000000000/dpg-dsp-local-advertiser_activation_xandr_queue => 400
2023-06-03T16:47:04.934  INFO --- [   asgi_gw_2] localstack.request.http    : POST /000000000000/dpg-dsp-local-line_item_update_profile_queue => 400
2023-06-03T16:47:05.044  INFO --- [   asgi_gw_0] localstack.request.http    : POST /000000000000/dpg-dsp-local-insertion-order-cascade-update-queue.fifo => 400
2023-06-03T16:47:11.328  INFO --- [   asgi_gw_3] localstack.request.http    : POST /000000000000/invoice-creation-queue => 200
2023-06-03T16:47:14.753  INFO --- [   asgi_gw_2] localstack.request.http    : POST /000000000000/dpg-dsp-local-advertiser_activation_xandr_queue => 400
2023-06-03T16:47:14.974  INFO --- [   asgi_gw_3] localstack.request.http    : POST /000000000000/dpg-dsp-local-line_item_update_profile_queue => 400
2023-06-03T16:47:15.066  INFO --- [   asgi_gw_2] localstack.request.http    : POST /000000000000/dpg-dsp-local-insertion-order-cascade-update-queue.fifo => 400
2023-06-03T16:47:23.028  INFO --- [   asgi_gw_4] localstack.request.http    : POST /000000000000/invoice-notification-queue => 200
2023-06-03T16:47:24.775  INFO --- [   asgi_gw_4] localstack.request.http    : POST /000000000000/dpg-dsp-local-advertiser_activation_xandr_queue => 400
2023-06-03T16:47:24.998  INFO --- [   asgi_gw_3] localstack.request.http    : POST /000000000000/dpg-dsp-local-line_item_update_profile_queue => 400
2023-06-03T16:47:25.088  INFO --- [   asgi_gw_3] localstack.request.http    : POST /000000000000/dpg-dsp-local-insertion-order-cascade-update-queue.fifo => 400
2023-06-03T16:47:31.398  INFO --- [   asgi_gw_5] localstack.request.http    : POST /000000000000/invoice-creation-queue => 200
2023-06-03T16:47:34.792  INFO --- [   asgi_gw_0] localstack.request.http    : POST /000000000000/dpg-dsp-local-advertiser_activation_xandr_queue => 400
2023-06-03T16:47:35.016  INFO --- [   asgi_gw_5] localstack.request.http    : POST /000000000000/dpg-dsp-local-line_item_update_profile_queue => 400
2023-06-03T16:47:35.106  INFO --- [   asgi_gw_0] localstack.request.http    : POST /000000000000/dpg-dsp-local-insertion-order-cascade-update-queue.fifo => 400
2023-06-03T16:47:43.114  INFO --- [   asgi_gw_1] localstack.request.http    : POST /000000000000/invoice-notification-queue => 200
2023-06-03T16:47:44.833  INFO --- [   asgi_gw_5] localstack.request.http    : POST /000000000000/dpg-dsp-local-advertiser_activation_xandr_queue => 400
2023-06-03T16:47:45.045  INFO --- [   asgi_gw_1] localstack.request.http    : POST /000000000000/dpg-dsp-local-line_item_update_profile_queue => 400
2023-06-03T16:47:45.136  INFO --- [   asgi_gw_5] localstack.request.http    : POST /000000000000/dpg-dsp-local-insertion-order-cascade-update-queue.fifo => 400
2023-06-03T16:47:51.466  INFO --- [   asgi_gw_3] localstack.request.http    : POST /000000000000/invoice-creation-queue => 200
2023-06-03T16:47:54.853  INFO --- [   asgi_gw_1] localstack.request.http    : POST /000000000000/dpg-dsp-local-advertiser_activation_xandr_queue => 400
2023-06-03T16:47:55.063  INFO --- [   asgi_gw_5] localstack.request.http    : POST /000000000000/dpg-dsp-local-line_item_update_profile_queue => 400
2023-06-03T16:47:55.159  INFO --- [   asgi_gw_1] localstack.request.http    : POST /000000000000/dpg-dsp-local-insertion-order-cascade-update-queue.fifo => 400
2023-06-03T16:48:03.178  INFO --- [   asgi_gw_2] localstack.request.http    : POST /000000000000/invoice-notification-queue => 200
2023-06-03T16:48:04.870  INFO --- [   asgi_gw_2] localstack.request.http    : POST /000000000000/dpg-dsp-local-advertiser_activation_xandr_queue => 400
2023-06-03T16:48:05.079  INFO --- [   asgi_gw_1] localstack.request.http    : POST /000000000000/dpg-dsp-local-line_item_update_profile_queue => 400
2023-06-03T16:48:05.193  INFO --- [   asgi_gw_2] localstack.request.http    : POST /000000000000/dpg-dsp-local-insertion-order-cascade-update-queue.fifo => 400
2023-06-03T16:48:11.537  INFO --- [   asgi_gw_4] localstack.request.http    : POST /000000000000/invoice-creation-queue => 200
2023-06-03T16:48:14.888  INFO --- [   asgi_gw_4] localstack.request.http    : POST /000000000000/dpg-dsp-local-advertiser_activation_xandr_queue => 400
2023-06-03T16:48:15.096  INFO --- [   asgi_gw_2] localstack.request.http    : POST /000000000000/dpg-dsp-local-line_item_update_profile_queue => 400
2023-06-03T16:48:15.216  INFO --- [   asgi_gw_4] localstack.request.http    : POST /000000000000/dpg-dsp-local-insertion-order-cascade-update-queue.fifo => 400
2023-06-03T16:48:23.251  INFO --- [   asgi_gw_0] localstack.request.http    : POST /000000000000/invoice-notification-queue => 200
2023-06-03T16:48:24.904  INFO --- [   asgi_gw_0] localstack.request.http    : POST /000000000000/dpg-dsp-local-advertiser_activation_xandr_queue => 400
2023-06-03T16:48:25.111  INFO --- [   asgi_gw_4] localstack.request.http    : POST /000000000000/dpg-dsp-local-line_item_update_profile_queue => 400
2023-06-03T16:48:25.231  INFO --- [   asgi_gw_0] localstack.request.http    : POST /000000000000/dpg-dsp-local-insertion-order-cascade-update-queue.fifo => 400
2023-06-03T16:48:31.617  INFO --- [   asgi_gw_3] localstack.request.http    : POST /000000000000/invoice-creation-queue => 200
2023-06-03T16:48:34.938  INFO --- [   asgi_gw_4] localstack.request.http    : POST /000000000000/dpg-dsp-local-advertiser_activation_xandr_queue => 400
2023-06-03T16:48:35.126  INFO --- [   asgi_gw_0] localstack.request.http    : POST /000000000000/dpg-dsp-local-line_item_update_profile_queue => 400
2023-06-03T16:48:35.258  INFO --- [   asgi_gw_4] localstack.request.http    : POST /000000000000/dpg-dsp-local-insertion-order-cascade-update-queue.fifo => 400
2023-06-03T16:48:43.330  INFO --- [   asgi_gw_5] localstack.request.http    : POST /000000000000/invoice-notification-queue => 200
2023-06-03T16:48:44.960  INFO --- [   asgi_gw_0] localstack.request.http    : POST /000000000000/dpg-dsp-local-advertiser_activation_xandr_queue => 400
2023-06-03T16:48:45.158  INFO --- [   asgi_gw_4] localstack.request.http    : POST /000000000000/dpg-dsp-local-line_item_update_profile_queue => 400
2023-06-03T16:48:45.281  INFO --- [   asgi_gw_0] localstack.request.http    : POST /000000000000/dpg-dsp-local-insertion-order-cascade-update-queue.fifo => 400
2023-06-03T16:48:51.703  INFO --- [   asgi_gw_1] localstack.request.http    : POST /000000000000/invoice-creation-queue => 200
2023-06-03T16:48:54.995  INFO --- [   asgi_gw_3] localstack.request.http    : POST /000000000000/dpg-dsp-local-advertiser_activation_xandr_queue => 400
2023-06-03T16:48:55.195  INFO --- [   asgi_gw_1] localstack.request.http    : POST /000000000000/dpg-dsp-local-line_item_update_profile_queue => 400
2023-06-03T16:48:55.318  INFO --- [   asgi_gw_3] localstack.request.http    : POST /000000000000/dpg-dsp-local-insertion-order-cascade-update-queue.fifo => 400
2023-06-03T16:49:03.399  INFO --- [   asgi_gw_2] localstack.request.http    : POST /000000000000/invoice-notification-queue => 200
2023-06-03T16:49:05.036  INFO --- [   asgi_gw_2] localstack.request.http    : POST /000000000000/dpg-dsp-local-advertiser_activation_xandr_queue => 400
2023-06-03T16:49:05.235  INFO --- [   asgi_gw_3] localstack.request.http    : POST /000000000000/dpg-dsp-local-line_item_update_profile_queue => 400
2023-06-03T16:49:05.354  INFO --- [   asgi_gw_2] localstack.request.http    : POST /000000000000/dpg-dsp-local-insertion-order-cascade-update-queue.fifo => 400
2023-06-03T16:49:11.800  INFO --- [   asgi_gw_4] localstack.request.http    : POST /000000000000/invoice-creation-queue => 200
2023-06-03T16:49:15.075  INFO --- [   asgi_gw_3] localstack.request.http    : POST /000000000000/dpg-dsp-local-advertiser_activation_xandr_queue => 400
2023-06-03T16:49:15.274  INFO --- [   asgi_gw_2] localstack.request.http    : POST /000000000000/dpg-dsp-local-line_item_update_profile_queue => 400
2023-06-03T16:49:15.393  INFO --- [   asgi_gw_3] localstack.request.http    : POST /000000000000/dpg-dsp-local-insertion-order-cascade-update-queue.fifo => 400
2023-06-03T16:49:23.482  INFO --- [   asgi_gw_5] localstack.request.http    : POST /000000000000/invoice-notification-queue => 200
2023-06-03T16:49:25.094  INFO --- [   asgi_gw_2] localstack.request.http    : POST /000000000000/dpg-dsp-local-advertiser_activation_xandr_queue => 400
2023-06-03T16:49:25.294  INFO --- [   asgi_gw_3] localstack.request.http    : POST /000000000000/dpg-dsp-local-line_item_update_profile_queue => 400
2023-06-03T16:49:25.414  INFO --- [   asgi_gw_2] localstack.request.http    : POST /000000000000/dpg-dsp-local-insertion-order-cascade-update-queue.fifo => 400
2023-06-03T16:49:31.882  INFO --- [   asgi_gw_0] localstack.request.http    : POST /000000000000/invoice-creation-queue => 200
2023-06-03T16:49:35.128  INFO --- [   asgi_gw_3] localstack.request.http    : POST /000000000000/dpg-dsp-local-advertiser_activation_xandr_queue => 400
2023-06-03T16:49:35.311  INFO --- [   asgi_gw_2] localstack.request.http    : POST /000000000000/dpg-dsp-local-line_item_update_profile_queue => 400
2023-06-03T16:49:35.430  INFO --- [   asgi_gw_3] localstack.request.http    : POST /000000000000/dpg-dsp-local-insertion-order-cascade-update-queue.fifo => 400
2023-06-03T16:49:43.553  INFO --- [   asgi_gw_1] localstack.request.http    : POST /000000000000/invoice-notification-queue => 200
2023-06-03T16:49:45.153  INFO --- [   asgi_gw_1] localstack.request.http    : POST /000000000000/dpg-dsp-local-advertiser_activation_xandr_queue => 400
2023-06-03T16:49:45.324  INFO --- [   asgi_gw_5] localstack.request.http    : POST /000000000000/dpg-dsp-local-line_item_update_profile_queue => 400
2023-06-03T16:49:45.445  INFO --- [   asgi_gw_1] localstack.request.http    : POST /000000000000/dpg-dsp-local-insertion-order-cascade-update-queue.fifo => 400
2023-06-03T16:49:51.954  INFO --- [   asgi_gw_4] localstack.request.http    : POST /000000000000/invoice-creation-queue => 200
2023-06-03T16:49:55.171  INFO --- [   asgi_gw_4] localstack.request.http    : POST /000000000000/dpg-dsp-local-advertiser_activation_xandr_queue => 400
2023-06-03T16:49:55.339  INFO --- [   asgi_gw_5] localstack.request.http    : POST /000000000000/dpg-dsp-local-line_item_update_profile_queue => 400
2023-06-03T16:49:55.461  INFO --- [   asgi_gw_4] localstack.request.http    : POST /000000000000/dpg-dsp-local-insertion-order-cascade-update-queue.fifo => 400
2023-06-03T16:50:03.639  INFO --- [   asgi_gw_3] localstack.request.http    : POST /000000000000/invoice-notification-queue => 200
2023-06-03T16:50:05.195  INFO --- [   asgi_gw_3] localstack.request.http    : POST /000000000000/dpg-dsp-local-advertiser_activation_xandr_queue => 400
2023-06-03T16:50:05.357  INFO --- [   asgi_gw_4] localstack.request.http    : POST /000000000000/dpg-dsp-local-line_item_update_profile_queue => 400
2023-06-03T16:50:05.484  INFO --- [   asgi_gw_3] localstack.request.http    : POST /000000000000/dpg-dsp-local-insertion-order-cascade-update-queue.fifo => 400
2023-06-03T16:50:12.025  INFO --- [   asgi_gw_0] localstack.request.http    : POST /000000000000/invoice-creation-queue => 200
2023-06-03T16:50:15.234  INFO --- [   asgi_gw_4] localstack.request.http    : POST /000000000000/dpg-dsp-local-advertiser_activation_xandr_queue => 400
2023-06-03T16:50:15.380  INFO --- [   asgi_gw_3] localstack.request.http    : POST /000000000000/dpg-dsp-local-line_item_update_profile_queue => 400
2023-06-03T16:50:15.504  INFO --- [   asgi_gw_4] localstack.request.http    : POST /000000000000/dpg-dsp-local-insertion-order-cascade-update-queue.fifo => 400
2023-06-03T16:50:23.731  INFO --- [   asgi_gw_2] localstack.request.http    : POST /000000000000/invoice-notification-queue => 200
2023-06-03T16:50:25.274  INFO --- [   asgi_gw_5] localstack.request.http    : POST /000000000000/dpg-dsp-local-advertiser_activation_xandr_queue => 400
2023-06-03T16:50:25.415  INFO --- [   asgi_gw_2] localstack.request.http    : POST /000000000000/dpg-dsp-local-line_item_update_profile_queue => 400
2023-06-03T16:50:25.538  INFO --- [   asgi_gw_5] localstack.request.http    : POST /000000000000/dpg-dsp-local-insertion-order-cascade-update-queue.fifo => 400
2023-06-03T16:50:32.089  INFO --- [   asgi_gw_1] localstack.request.http    : POST /000000000000/invoice-creation-queue => 200
2023-06-03T16:50:35.298  INFO --- [   asgi_gw_0] localstack.request.http    : POST /000000000000/dpg-dsp-local-advertiser_activation_xandr_queue => 400
2023-06-03T16:50:35.437  INFO --- [   asgi_gw_1] localstack.request.http    : POST /000000000000/dpg-dsp-local-line_item_update_profile_queue => 400
2023-06-03T16:50:35.573  INFO --- [   asgi_gw_0] localstack.request.http    : POST /000000000000/dpg-dsp-local-insertion-order-cascade-update-queue.fifo => 400
2023-06-03T16:50:43.813  INFO --- [   asgi_gw_3] localstack.request.http    : POST /000000000000/invoice-notification-queue => 200
2023-06-03T16:50:45.315  INFO --- [   asgi_gw_3] localstack.request.http    : POST /000000000000/dpg-dsp-local-advertiser_activation_xandr_queue => 400
2023-06-03T16:50:45.453  INFO --- [   asgi_gw_0] localstack.request.http    : POST /000000000000/dpg-dsp-local-line_item_update_profile_queue => 400
2023-06-03T16:50:45.596  INFO --- [   asgi_gw_3] localstack.request.http    : POST /000000000000/dpg-dsp-local-insertion-order-cascade-update-queue.fifo => 400
2023-06-03T16:50:52.155  INFO --- [   asgi_gw_2] localstack.request.http    : POST /000000000000/invoice-creation-queue => 200
2023-06-03T16:50:55.355  INFO --- [   asgi_gw_2] localstack.request.http    : POST /000000000000/dpg-dsp-local-advertiser_activation_xandr_queue => 400
2023-06-03T16:50:55.484  INFO --- [   asgi_gw_3] localstack.request.http    : POST /000000000000/dpg-dsp-local-line_item_update_profile_queue => 400
2023-06-03T16:50:55.618  INFO --- [   asgi_gw_2] localstack.request.http    : POST /000000000000/dpg-dsp-local-insertion-order-cascade-update-queue.fifo => 400
2023-06-03T16:51:03.881  INFO --- [   asgi_gw_4] localstack.request.http    : POST /000000000000/invoice-notification-queue => 200
2023-06-03T16:51:05.404  INFO --- [   asgi_gw_1] localstack.request.http    : POST /000000000000/dpg-dsp-local-advertiser_activation_xandr_queue => 400
2023-06-03T16:51:05.523  INFO --- [   asgi_gw_4] localstack.request.http    : POST /000000000000/dpg-dsp-local-line_item_update_profile_queue => 400
2023-06-03T16:51:05.658  INFO --- [   asgi_gw_1] localstack.request.http    : POST /000000000000/dpg-dsp-local-insertion-order-cascade-update-queue.fifo => 400
2023-06-03T16:51:12.234  INFO --- [   asgi_gw_5] localstack.request.http    : POST /000000000000/invoice-creation-queue => 200
2023-06-03T16:51:15.446  INFO --- [   asgi_gw_5] localstack.request.http    : POST /000000000000/dpg-dsp-local-advertiser_activation_xandr_queue => 400
2023-06-03T16:51:15.558  INFO --- [   asgi_gw_1] localstack.request.http    : POST /000000000000/dpg-dsp-local-line_item_update_profile_queue => 400
2023-06-03T16:51:15.698  INFO --- [   asgi_gw_5] localstack.request.http    : POST /000000000000/dpg-dsp-local-insertion-order-cascade-update-queue.fifo => 400
2023-06-03T16:51:23.949  INFO --- [   asgi_gw_3] localstack.request.http    : POST /000000000000/invoice-notification-queue => 200
2023-06-03T16:51:25.477  INFO --- [   asgi_gw_3] localstack.request.http    : POST /000000000000/dpg-dsp-local-advertiser_activation_xandr_queue => 400
2023-06-03T16:51:25.579  INFO --- [   asgi_gw_5] localstack.request.http    : POST /000000000000/dpg-dsp-local-line_item_update_profile_queue => 400
2023-06-03T16:51:25.719  INFO --- [   asgi_gw_3] localstack.request.http    : POST /000000000000/dpg-dsp-local-insertion-order-cascade-update-queue.fifo => 400
2023-06-03T16:51:32.317  INFO --- [   asgi_gw_0] localstack.request.http    : POST /000000000000/invoice-creation-queue => 200
2023-06-03T16:51:35.495  INFO --- [   asgi_gw_5] localstack.request.http    : POST /000000000000/dpg-dsp-local-advertiser_activation_xandr_queue => 400
2023-06-03T16:51:35.607  INFO --- [   asgi_gw_3] localstack.request.http    : POST /000000000000/dpg-dsp-local-line_item_update_profile_queue => 400
2023-06-03T16:51:35.742  INFO --- [   asgi_gw_5] localstack.request.http    : POST /000000000000/dpg-dsp-local-insertion-order-cascade-update-queue.fifo => 400
2023-06-03T16:51:44.023  INFO --- [   asgi_gw_2] localstack.request.http    : POST /000000000000/invoice-notification-queue => 200
2023-06-03T16:51:45.513  INFO --- [   asgi_gw_1] localstack.request.http    : POST /000000000000/dpg-dsp-local-advertiser_activation_xandr_queue => 400
2023-06-03T16:51:45.639  INFO --- [   asgi_gw_2] localstack.request.http    : POST /000000000000/dpg-dsp-local-line_item_update_profile_queue => 400
2023-06-03T16:51:45.760  INFO --- [   asgi_gw_1] localstack.request.http    : POST /000000000000/dpg-dsp-local-insertion-order-cascade-update-queue.fifo => 400
